<?xml version="1.0" encoding="UTF-8"?>
<robot generator="Robot 3.1.1 (Python 3.6.8 on win32)" generated="20190327 10:33:02.793" rpa="false">
<suite id="s1" name="T1" source="F:\code\rf\t1.robot">
<test id="s1-t1" name="百度搜索松勤">
<kw name="Open Browser" library="SeleniumLibrary">
<doc>Opens a new browser instance to the given ``url``.</doc>
<arguments>
<arg>http://www.baidu.com</arg>
<arg>chrome</arg>
</arguments>
<msg timestamp="20190327 10:33:03.642" level="INFO">Opening browser 'chrome' to base url 'http://www.baidu.com'.</msg>
<status status="PASS" starttime="20190327 10:33:03.642" endtime="20190327 10:33:06.107"></status>
</kw>
<kw name="Set Selenium Implicit Wait" library="SeleniumLibrary">
<doc>Sets the implicit wait value used by Selenium.</doc>
<arguments>
<arg>5</arg>
</arguments>
<status status="PASS" starttime="20190327 10:33:06.107" endtime="20190327 10:33:06.108"></status>
</kw>
<kw name="Input Text" library="SeleniumLibrary">
<doc>Types the given ``text`` into text field identified by ``locator``.</doc>
<arguments>
<arg>id=kw</arg>
<arg>松勤\n</arg>
</arguments>
<msg timestamp="20190327 10:33:06.109" level="INFO">Typing text '松勤
' into text field 'id=kw'.</msg>
<status status="PASS" starttime="20190327 10:33:06.108" endtime="20190327 10:33:06.231"></status>
</kw>
<kw name="Get Text" library="SeleniumLibrary">
<doc>Returns the text value of element identified by ``locator``.</doc>
<arguments>
<arg>id=1</arg>
</arguments>
<assign>
<var>${firstRet}</var>
</assign>
<msg timestamp="20190327 10:33:06.615" level="INFO">${firstRet} = 松勤网 - 松勤软件测试-软件测试在线教育领跑者-国内最专业的软件...
松勤是一家专注于软件测试技能培训的在线教育机构。目前已开设软件测试相关课程100余门,涵盖软件测试基础、自动...
www.songqinnet.com/  - 百度快照 - 评价</msg>
<status status="PASS" starttime="20190327 10:33:06.232" endtime="20190327 10:33:06.615"></status>
</kw>
<kw name="Should Contain" library="BuiltIn">
<doc>Fails if ``container`` does not contain ``item`` one or more times.</doc>
<arguments>
<arg>${firstRet}</arg>
<arg>松勤网</arg>
</arguments>
<status status="PASS" starttime="20190327 10:33:06.616" endtime="20190327 10:33:06.616"></status>
</kw>
<status status="PASS" starttime="20190327 10:33:03.641" endtime="20190327 10:33:06.616" critical="yes"></status>
</test>
<status status="PASS" starttime="20190327 10:33:02.794" endtime="20190327 10:33:06.617"></status>
</suite>
<statistics>
<total>
<stat pass="1" fail="0">Critical Tests</stat>
<stat pass="1" fail="0">All Tests</stat>
</total>
<tag>
</tag>
<suite>
<stat pass="1" fail="0" id="s1" name="T1">T1</stat>
</suite>
</statistics>
<errors>
</errors>
</robot>
